<?xml version="1.0" encoding="UTF-8"?>
<testng-results skipped="0" failed="0" ignored="0" total="2" passed="2">
  <reporter-output>
    <line>
      <![CDATA[Login test is Executing <br>]]>
    </line>
    <line>
      <![CDATA[Login test is Executing <br>]]>
    </line>
  </reporter-output>
  <suite name="Suite" duration-ms="22981" started-at="2019-06-01T08:35:00Z" finished-at="2019-06-01T08:35:23Z">
    <groups>
    </groups>
    <test name="Test" duration-ms="22981" started-at="2019-06-01T08:35:00Z" finished-at="2019-06-01T08:35:23Z">
      <class name="com.qsp.OrangeHRMtest.LoginTest">
        <test-method status="PASS" signature="setup()[pri:0, instance:com.qsp.OrangeHRMtest.LoginTest@10f6bfd]" name="setup" is-config="true" duration-ms="5293" started-at="2019-06-01T08:35:00Z" finished-at="2019-06-01T08:35:05Z">
          <reporter-output>
          </reporter-output>
        </test-method> <!-- setup -->
        <test-method status="PASS" signature="createPageObj()[pri:0, instance:com.qsp.OrangeHRMtest.LoginTest@10f6bfd]" name="createPageObj" is-config="true" duration-ms="80" started-at="2019-06-01T08:35:05Z" finished-at="2019-06-01T08:35:05Z">
          <reporter-output>
          </reporter-output>
        </test-method> <!-- createPageObj -->
        <test-method status="PASS" signature="launchApp()[pri:0, instance:com.qsp.OrangeHRMtest.LoginTest@10f6bfd]" name="launchApp" is-config="true" duration-ms="13594" started-at="2019-06-01T08:35:05Z" finished-at="2019-06-01T08:35:19Z">
          <reporter-output>
          </reporter-output>
        </test-method> <!-- launchApp -->
        <test-method status="PASS" signature="loginWithValidUserTest()[pri:1, instance:com.qsp.OrangeHRMtest.LoginTest@10f6bfd]" name="loginWithValidUserTest" duration-ms="1655" started-at="2019-06-01T08:35:19Z" finished-at="2019-06-01T08:35:20Z">
          <reporter-output>
            <line>
              <![CDATA[Login test is Executing <br>]]>
            </line>
          </reporter-output>
        </test-method> <!-- loginWithValidUserTest -->
        <test-method status="PASS" signature="checkExecutionstatus(org.testng.ITestResult)[pri:0, instance:com.qsp.OrangeHRMtest.LoginTest@10f6bfd]" name="checkExecutionstatus" is-config="true" duration-ms="4" started-at="2019-06-01T08:35:20Z" finished-at="2019-06-01T08:35:20Z">
          <params>
            <param index="0">
              <value>
                <![CDATA[[TestResult name=loginWithValidUserTest status=SUCCESS method=LoginTest.loginWithValidUserTest()[pri:1, instance:com.qsp.OrangeHRMtest.LoginTest@10f6bfd] output=Login test is Executing <br>]]]>
              </value>
            </param>
          </params>
          <reporter-output>
          </reporter-output>
        </test-method> <!-- checkExecutionstatus -->
        <test-method status="PASS" signature="launchApp()[pri:0, instance:com.qsp.OrangeHRMtest.LoginTest@10f6bfd]" name="launchApp" is-config="true" duration-ms="981" started-at="2019-06-01T08:35:20Z" finished-at="2019-06-01T08:35:21Z">
          <reporter-output>
          </reporter-output>
        </test-method> <!-- launchApp -->
        <test-method status="PASS" signature="loginWithInValidUserTest()[pri:2, instance:com.qsp.OrangeHRMtest.LoginTest@10f6bfd]" name="loginWithInValidUserTest" duration-ms="1140" started-at="2019-06-01T08:35:21Z" finished-at="2019-06-01T08:35:23Z">
          <reporter-output>
            <line>
              <![CDATA[Login test is Executing <br>]]>
            </line>
          </reporter-output>
        </test-method> <!-- loginWithInValidUserTest -->
        <test-method status="PASS" signature="checkExecutionstatus(org.testng.ITestResult)[pri:0, instance:com.qsp.OrangeHRMtest.LoginTest@10f6bfd]" name="checkExecutionstatus" is-config="true" duration-ms="1" started-at="2019-06-01T08:35:23Z" finished-at="2019-06-01T08:35:23Z">
          <params>
            <param index="0">
              <value>
                <![CDATA[[TestResult name=loginWithInValidUserTest status=SUCCESS method=LoginTest.loginWithInValidUserTest()[pri:2, instance:com.qsp.OrangeHRMtest.LoginTest@10f6bfd] output=Login test is Executing <br>]]]>
              </value>
            </param>
          </params>
          <reporter-output>
          </reporter-output>
        </test-method> <!-- checkExecutionstatus -->
        <test-method status="PASS" signature="clearPageObj()[pri:0, instance:com.qsp.OrangeHRMtest.LoginTest@10f6bfd]" name="clearPageObj" is-config="true" duration-ms="1" started-at="2019-06-01T08:35:23Z" finished-at="2019-06-01T08:35:23Z">
          <reporter-output>
          </reporter-output>
        </test-method> <!-- clearPageObj -->
        <test-method status="PASS" signature="tearDown()[pri:0, instance:com.qsp.OrangeHRMtest.LoginTest@10f6bfd]" name="tearDown" is-config="true" duration-ms="177" started-at="2019-06-01T08:35:23Z" finished-at="2019-06-01T08:35:23Z">
          <reporter-output>
          </reporter-output>
        </test-method> <!-- tearDown -->
      </class> <!-- com.qsp.OrangeHRMtest.LoginTest -->
    </test> <!-- Test -->
  </suite> <!-- Suite -->
</testng-results>
